2024-11-28 11:16:29,044 8072 DEBUG nagaad odoo.api: call idil.customer.registration().get_views(options={'action_id': 407, 'load_filters': True, 'toolbar': True}, views=[[False, 'kanban'], [False, 'list'], [False, 'form'], [False, 'search']]) 
2024-11-28 11:16:29,124 8072 INFO nagaad werkzeug: 127.0.0.1 - - [28/Nov/2024 11:16:29] "POST /web/dataset/call_kw/idil.customer.registration/get_views HTTP/1.1" 200 - 32 0.057 0.033
2024-11-28 11:16:29,304 8072 DEBUG nagaad odoo.api: call idil.customer.registration().search_panel_select_range('type_id', category_domain=[], enable_counters=True, expand=False, filter_domain=[], hierarchize=True, limit=200, search_domain=[]) 
2024-11-28 11:16:29,324 8072 INFO nagaad werkzeug: 127.0.0.1 - - [28/Nov/2024 11:16:29] "POST /web/dataset/call_kw/idil.customer.registration/search_panel_select_range HTTP/1.1" 200 - 4 0.012 0.028
2024-11-28 11:16:29,444 8072 DEBUG nagaad odoo.api: call idil.customer.registration().web_search_read(count_limit=10001, domain=[], limit=80, offset=0, order='', specification={'id': {}, 'name': {}, 'type_id': {'fields': {'display_name': {}}}, 'image': {}, 'phone': {}, 'email': {}, 'gender': {}, 'status': {}, 'activity_ids': {'fields': {}}, 'activity_exception_decoration': {}, 'activity_exception_icon': {}, 'activity_state': {}, 'activity_summary': {}, 'activity_type_icon': {}, 'activity_type_id': {'fields': {'display_name': {}}}, 'write_date': {}}) 
2024-11-28 11:16:29,454 8072 INFO nagaad werkzeug: 127.0.0.1 - - [28/Nov/2024 11:16:29] "POST /web/dataset/call_kw/idil.customer.registration/web_search_read HTTP/1.1" 200 - 5 0.010 0.003
2024-11-28 11:16:32,387 8072 INFO nagaad werkzeug: 127.0.0.1 - - [28/Nov/2024 11:16:32] "POST /web/action/load HTTP/1.1" 200 - 9 0.010 0.013
2024-11-28 11:16:32,707 8072 DEBUG nagaad odoo.api: call pos.config().get_views(options={'action_id': 394, 'load_filters': True, 'toolbar': True}, views=[[False, 'kanban'], [False, 'list'], [False, 'form'], [1054, 'search']]) 
2024-11-28 11:16:32,787 8072 DEBUG nagaad odoo.tools.translate: no translation language detected, skipping translation for "'Each Order'"  
2024-11-28 11:16:32,787 8072 DEBUG nagaad odoo.tools.translate: no translation language detected, skipping translation for "'(require Odoo Enterprise)'"  
2024-11-28 11:16:32,787 8072 DEBUG nagaad odoo.tools.translate: no translation language detected, skipping translation for "'Meal'"  
2024-11-28 11:16:32,794 8072 INFO nagaad werkzeug: 127.0.0.1 - - [28/Nov/2024 11:16:32] "POST /web/dataset/call_kw/pos.config/get_views HTTP/1.1" 200 - 35 0.028 0.062
2024-11-28 11:16:32,963 8072 DEBUG nagaad odoo.api: call pos.config().web_search_read(count_limit=10001, domain=[], limit=80, offset=0, order='', specification={'current_user_id': {'fields': {'display_name': {}}}, 'cash_control': {}, 'name': {}, 'current_session_id': {'fields': {'display_name': {}}}, 'current_session_state': {}, 'last_session_closing_date': {}, 'pos_session_username': {}, 'pos_session_state': {}, 'pos_session_duration': {}, 'currency_id': {'fields': {'display_name': {}}}, 'number_of_rescue_session': {}, 'self_ordering_mode': {}, 'last_session_closing_cash': {}}) 
2024-11-28 11:16:33,020 8072 INFO nagaad werkzeug: 127.0.0.1 - - [28/Nov/2024 11:16:33] "POST /web/dataset/call_kw/pos.config/web_search_read HTTP/1.1" 200 - 24 0.035 0.030
2024-11-28 11:16:33,159 8072 INFO nagaad werkzeug: 127.0.0.1 - - [28/Nov/2024 11:16:33] "GET /web/image/res.users/2/avatar_128 HTTP/1.1" 304 - 9 0.003 0.042
2024-11-28 11:16:34,310 8072 DEBUG nagaad odoo.api: call pos.config(2,).open_ui() 
2024-11-28 11:16:34,398 8072 INFO nagaad werkzeug: 127.0.0.1 - - [28/Nov/2024 11:16:34] "POST /web/dataset/call_button HTTP/1.1" 200 - 24 0.067 0.030
2024-11-28 11:16:35,020 8072 INFO nagaad werkzeug: 127.0.0.1 - - [28/Nov/2024 11:16:35] "GET /pos/ui?config_id=2 HTTP/1.1" 200 - 35 0.041 0.240
2024-11-28 11:16:35,334 8072 INFO nagaad werkzeug: 127.0.0.1 - - [28/Nov/2024 11:16:35] "GET /web/assets/debug/point_of_sale.assets_prod.css HTTP/1.1" 304 - 13 0.018 0.249
2024-11-28 11:16:35,422 8072 INFO nagaad werkzeug: 127.0.0.1 - - [28/Nov/2024 11:16:35] "GET /web/assets/debug/point_of_sale.assets_prod.js HTTP/1.1" 304 - 3 0.000 0.040
2024-11-28 11:16:35,974 8072 DEBUG nagaad odoo.api: call barcode.nomenclature(1,).read(['name', 'rule_ids', 'upc_ean_conv', 'is_gs1_nomenclature', 'gs1_separator_fnc1']) 
2024-11-28 11:16:35,995 8072 INFO nagaad werkzeug: 127.0.0.1 - - [28/Nov/2024 11:16:35] "POST /web/dataset/call_kw/barcode.nomenclature/read HTTP/1.1" 200 - 5 0.017 0.020
2024-11-28 11:16:36,215 8072 DEBUG nagaad odoo.api: call barcode.rule().search_read(domain=[['barcode_nomenclature_id', '=', 1]], fields=['name', 'sequence', 'type', 'encoding', 'pattern', 'alias', 'gs1_content_type', 'gs1_decimal_usage', 'associated_uom_id']) 
2024-11-28 11:16:36,221 8072 INFO nagaad werkzeug: 127.0.0.1 - - [28/Nov/2024 11:16:36] "POST /web/dataset/call_kw/barcode.rule/search_read HTTP/1.1" 200 - 2 0.004 0.012
2024-11-28 11:16:36,317 8072 DEBUG nagaad odoo.api: call pos.session(13,).load_pos_data() 
2024-11-28 11:16:37,020 8072 INFO nagaad werkzeug: 127.0.0.1 - - [28/Nov/2024 11:16:37] "POST /web/dataset/call_kw/pos.session/load_pos_data HTTP/1.1" 200 - 193 0.276 0.430
2024-11-28 11:16:37,036 8072 DEBUG nagaad odoo.api: call ir.model.data().check_object_reference('uom', 'product_uom_unit') 
2024-11-28 11:16:37,044 8072 INFO nagaad werkzeug: 127.0.0.1 - - [28/Nov/2024 11:16:37] "POST /web/dataset/call_kw/ir.model.data/check_object_reference HTTP/1.1" 200 - 3 0.007 0.010
2024-11-28 11:16:37,449 8072 DEBUG nagaad odoo.api: call pos.config(2,).get_tables_order_count_and_printing_changes() 
2024-11-28 11:16:37,507 8072 INFO nagaad werkzeug: 127.0.0.1 - - [28/Nov/2024 11:16:37] "GET /web HTTP/1.1" 200 - 13 0.036 0.097
2024-11-28 11:16:37,539 8072 INFO nagaad werkzeug: 127.0.0.1 - - [28/Nov/2024 11:16:37] "POST /web/dataset/call_kw/pos.config/get_tables_order_count_and_printing_changes HTTP/1.1" 200 - 7 0.085 0.040
2024-11-28 11:16:37,564 8072 DEBUG nagaad odoo.addons.http_routing.models.ir_http: '/web/static/img/logo.png' (lang: 'en') no lang in url and default website, continue 
2024-11-28 11:16:37,778 8072 INFO nagaad werkzeug: 127.0.0.1 - - [28/Nov/2024 11:16:37] "GET /web HTTP/1.1" 200 - 13 0.040 0.104
2024-11-28 11:16:38,187 8072 INFO nagaad werkzeug: 127.0.0.1 - - [28/Nov/2024 11:16:38] "GET /web/assets/debug/web.assets_web.css HTTP/1.1" 304 - 3 0.012 0.097
2024-11-28 11:16:38,315 8072 DEBUG nagaad odoo.modules.module: module _custom: no manifest file found ('__manifest__.py', '__openerp__.py') 
2024-11-28 11:16:38,449 8072 INFO nagaad werkzeug: 127.0.0.1 - - [28/Nov/2024 11:16:38] "GET /web/service-worker.js HTTP/1.1" 200 - 1 0.000 0.029
2024-11-28 11:16:38,734 8072 INFO nagaad werkzeug: 127.0.0.1 - - [28/Nov/2024 11:16:38] "GET /web/assets/debug/web.assets_web.js HTTP/1.1" 304 - 3 0.004 0.343
2024-11-28 11:16:39,115 8072 DEBUG nagaad odoo.http: Couldn't load Geoip Country file ([Errno 2] No such file or directory: b'c:\\usr\\share\\geoip\\geolite2-country.mmdb'). Fallbacks on Geoip City. 
2024-11-28 11:16:39,115 8072 DEBUG nagaad odoo.http: Couldn't load Geoip City file at c:\usr\share\geoip\geolite2-city.mmdb. IP Resolver disabled. 
Traceback (most recent call last):
  File "C:\Nagaad Production\odoo\http.py", line 1732, in _serve_db
    return service_model.retrying(self._serve_ir_http, self.env)
  File "C:\Nagaad Production\odoo\service\model.py", line 133, in retrying
    result = func()
  File "C:\Nagaad Production\odoo\http.py", line 1747, in _serve_ir_http
    rule, args = ir_http._match(self.httprequest.path)
  File "c:\nagaad production\addons\website\models\ir_http.py", line 175, in _match
    return super()._match(path)
  File "c:\nagaad production\addons\http_routing\models\ir_http.py", line 503, in _match
    rule, args = super()._match(path)
  File "C:\Nagaad Production\odoo\addons\base\models\ir_http.py", line 131, in _match
    rule, args = request.env['ir.http'].routing_map().bind_to_environ(request.httprequest.environ).match(path_info=path_info, return_rule=True)
  File "C:\Django\Idil17\venv\lib\site-packages\werkzeug\routing.py", line 2041, in match
    raise NotFound()
werkzeug.exceptions.NotFound: 404 Not Found: The requested URL was not found on the server. If you entered the URL manually please check your spelling and try again.

During handling of the above exception, another exception occurred:

Traceback (most recent call last):
  File "C:\Nagaad Production\odoo\http.py", line 1093, in _country_record
    return root.geoip_country_db.country(self.ip)
  File "C:\Nagaad Production\odoo\tools\func.py", line 28, in __get__
    value = self.fget(obj)
  File "C:\Nagaad Production\odoo\http.py", line 2095, in geoip_country_db
    return geoip2.database.Reader(config['geoip_country_db'])
  File "C:\Django\Idil17\venv\lib\site-packages\geoip2\database.py", line 86, in __init__
    self._db_reader = maxminddb.open_database(fileish, mode)
  File "C:\Django\Idil17\venv\lib\site-packages\maxminddb\__init__.py", line 80, in open_database
    return cast(Reader, _extension.Reader(database, mode))
FileNotFoundError: [Errno 2] No such file or directory: b'c:\\usr\\share\\geoip\\geolite2-country.mmdb'

During handling of the above exception, another exception occurred:

Traceback (most recent call last):
  File "C:\Nagaad Production\odoo\http.py", line 2084, in geoip_city_db
    return geoip2.database.Reader(config['geoip_city_db'])
  File "C:\Django\Idil17\venv\lib\site-packages\geoip2\database.py", line 86, in __init__
    self._db_reader = maxminddb.open_database(fileish, mode)
  File "C:\Django\Idil17\venv\lib\site-packages\maxminddb\__init__.py", line 80, in open_database
    return cast(Reader, _extension.Reader(database, mode))
FileNotFoundError: [Errno 2] No such file or directory: b'c:\\usr\\share\\geoip\\geolite2-city.mmdb'
2024-11-28 11:16:39,507 8072 INFO nagaad werkzeug: 127.0.0.1 - - [28/Nov/2024 11:16:39] "GET /web/static/img/logo.png HTTP/1.1" 404 - 154 0.374 1.685
2024-11-28 11:16:40,195 8072 INFO nagaad werkzeug: 127.0.0.1 - - [28/Nov/2024 11:16:40] "POST /mail/init_messaging HTTP/1.1" 200 - 31 0.023 0.048
2024-11-28 11:16:40,277 8072 DEBUG nagaad odoo.api: call res.users().systray_get_activities() 
2024-11-28 11:16:40,304 8072 DEBUG nagaad odoo.tools.translate: no translation language detected, skipping translation for "'Other activities'"  
2024-11-28 11:16:40,307 8072 INFO nagaad werkzeug: 127.0.0.1 - - [28/Nov/2024 11:16:40] "POST /web/dataset/call_kw/res.users/systray_get_activities HTTP/1.1" 200 - 11 0.008 0.035
2024-11-28 11:16:40,400 8072 INFO nagaad werkzeug: 127.0.0.1 - - [28/Nov/2024 11:16:40] "POST /mail/load_message_failures HTTP/1.1" 200 - 9 0.020 0.016
2024-11-28 11:16:40,416 8072 INFO nagaad werkzeug: 127.0.0.1 - - [28/Nov/2024 11:16:40] "GET /web/manifest.webmanifest HTTP/1.1" 200 - 7 0.006 0.026
2024-11-28 11:16:41,274 8072 INFO nagaad werkzeug: 127.0.0.1 - - [28/Nov/2024 11:16:41] "GET /web/image/hr.employee.public/22/avatar_128 HTTP/1.1" 304 - 10 0.026 0.019
2024-11-28 11:16:42,464 8072 DEBUG nagaad odoo.api: call pos.order().export_for_ui_table_draft([31]) 
2024-11-28 11:16:42,510 8072 INFO nagaad werkzeug: 127.0.0.1 - - [28/Nov/2024 11:16:42] "POST /web/dataset/call_kw/pos.order/export_for_ui_table_draft HTTP/1.1" 200 - 15 0.028 0.021
2024-11-28 11:16:42,519 8072 INFO nagaad werkzeug: 127.0.0.1 - - [28/Nov/2024 11:16:42] "GET /web/service-worker.js HTTP/1.1" 200 - 1 0.000 0.008
2024-11-28 11:16:51,011 8072 INFO nagaad werkzeug: 127.0.0.1 - - [28/Nov/2024 11:16:51] "GET /web/image/hr.employee.public/1/avatar_128 HTTP/1.1" 304 - 6 0.017 0.020
2024-11-28 11:16:54,904 8072 DEBUG nagaad odoo.api: call product.product(77,).get_product_info_pos(1.5, 1, 2) 
2024-11-28 11:16:55,044 8072 INFO nagaad werkzeug: 127.0.0.1 - - [28/Nov/2024 11:16:55] "POST /web/dataset/call_kw/product.product/get_product_info_pos HTTP/1.1" 200 - 43 0.078 0.072
2024-11-28 11:16:55,787 8072 DEBUG ? odoo.service.server: cron0 polling for jobs 
2024-11-28 11:16:56,845 8072 DEBUG ? odoo.service.server: cron1 polling for jobs 
2024-11-28 11:17:03,405 8072 INFO ? werkzeug: 127.0.0.1 - - [28/Nov/2024 11:17:03] "GET /point_of_sale/static/src/img/card-bank.png HTTP/1.1" 304 - 0 0.000 0.008
2024-11-28 11:17:03,710 8072 INFO ? werkzeug: 127.0.0.1 - - [28/Nov/2024 11:17:03] "GET /point_of_sale/static/src/img/pay-later.png HTTP/1.1" 304 - 0 0.000 0.006
2024-11-28 11:17:03,710 8072 INFO ? werkzeug: 127.0.0.1 - - [28/Nov/2024 11:17:03] "GET /point_of_sale/static/src/img/money.png HTTP/1.1" 304 - 0 0.000 0.006
2024-11-28 11:17:55,799 8072 DEBUG ? odoo.service.server: cron0 polling for jobs 
2024-11-28 11:17:57,873 8072 DEBUG ? odoo.service.server: cron1 polling for jobs 
2024-11-28 11:18:06,508 8072 DEBUG nagaad odoo.api: call pos.order().create_from_ui([{'id': '00013-002-0002', 'data': {'name': 'Order 00013-002-0002', 'amount_paid': 0, 'amount_total': 10.93, 'amount_tax': 1.43, 'amount_return': 0, 'lines': [[0, 0, {'uuid': 'b348ce2b-c1ce-4fa9-aa37-82f5eed1535e', 'skip_change': False, 'custom_attribute_value_ids': [], 'qty': 4, 'price_unit': 1.5, 'price_subtotal': 6, 'price_subtotal_incl': 6.9, 'discount': 0, 'product_id': 77, 'tax_ids': [[6, False, [1]]], 'id': 164, 'pack_lot_ids': [], 'attribute_value_ids': [], 'full_product_name': 'Buger', 'price_extra': 0, 'customer_note': '', 'price_type': 'original', 'note': ''}], [0, 0, {'uuid': 'a79eaa74-4914-4f0c-a8e8-551ae83ce842', 'skip_change': False, 'custom_attribute_value_ids': [], 'qty': 1, 'price_unit': 3.5, 'price_subtotal': 3.5, 'price_subtotal_incl': 4.03, 'discount': 0, 'product_id': 82, 'tax_ids': [[6, False, [1]]], 'id': 168, 'pack_lot_ids': [], 'attribute_value_ids': [], 'full_product_name': 'Hilib', 'price_extra': 0, 'customer_note': '', 'price_type': 'original', 'note': ''}]], 'statement_ids': [], 'pos_session_id': 13, 'pricelist_id': False, 'partner_id': False, 'user_id': 2, 'uid': '00013-002-0002', 'sequence_number': 2, 'date_order': '2024-11-28 10:55:56', 'fiscal_position_id': False, 'server_id': False, 'to_invoice': False, 'shipping_date': False, 'is_tipped': False, 'tip_amount': 0, 'access_token': '5fdc2728-7de3-485c-b5e6-df264ae5d34c', 'last_order_preparation_change': '{"b348ce2b-c1ce-4fa9-aa37-82f5eed1535e - ":{"line_uuid":"b348ce2b-c1ce-4fa9-aa37-82f5eed1535e","product_id":77,"name":"Buger","note":"","quantity":4},"a79eaa74-4914-4f0c-a8e8-551ae83ce842 - ":{"line_uuid":"a79eaa74-4914-4f0c-a8e8-551ae83ce842","product_id":82,"name":"Hilib","note":"","quantity":1}}', 'ticket_code': 'num2h', 'table_id': 31, 'customer_count': 1, 'employee_id': 1}, 'to_invoice': False}], True) 
2024-11-28 11:18:06,920 8072 INFO nagaad werkzeug: 127.0.0.1 - - [28/Nov/2024 11:18:06] "POST /web/dataset/call_kw/pos.order/create_from_ui HTTP/1.1" 200 - 58 0.076 0.343
2024-11-28 11:18:49,527 8072 INFO nagaad odoo.service.server: Initiating shutdown 
2024-11-28 11:18:49,528 8072 INFO nagaad odoo.service.server: Hit CTRL-C again or send a second signal to force the shutdown. 
